#
# A fatal error has been detected by the Java Runtime Environment:
#
#  Internal Error (safepoint.cpp:860), pid=15442, tid=82183
#  fatal error: Illegal threadstate encountered: 4
#
# JRE version: Java(TM) SE Runtime Environment (10.0.2+13) (build 10.0.2+13)
# Java VM: Java HotSpot(TM) 64-Bit Server VM (10.0.2+13, mixed mode, tiered, compressed oops, g1 gc, bsd-amd64)
# No core dump will be written. Core dumps have been disabled. To enable core dumping, try "ulimit -c unlimited" before starting Java again
#
# If you would like to submit a bug report, please visit:
#   http://bugreport.java.com/bugreport/crash.jsp
# The crash happened outside the Java Virtual Machine in native code.
# See problematic frame for where to report the bug.
#

---------------  S U M M A R Y ------------

Command Line: -javaagent:/Applications/IntelliJ IDEA CE.app/Contents/lib/idea_rt.jar=52949:/Applications/IntelliJ IDEA CE.app/Contents/bin -Dfile.encoding=UTF-8 Main

Host: MacBookAir10,1 x86_64 2400 MHz, 8 cores, 8G, Darwin 21.2.0
Time: Thu May  5 10:15:19 2022 EDT elapsed time: 90 seconds (0d 0h 1m 30s)

---------------  T H R E A D  ---------------

Current thread (0x00007fafdbb52800):  JavaThread "InvokeLaterDispatcher" daemon [_thread_in_native, id=82183, stack(0x000000030c26b000,0x000000030c36b000)]

Stack: [0x000000030c26b000,0x000000030c36b000],  sp=0x000000030c369330,  free space=1016k
Native frames: (J=compiled Java code, A=aot compiled Java code, j=interpreted, Vv=VM code, C=native code)
V  [libjvm.dylib+0x799cb1]  _ZN7VMError14report_and_dieEiPKcS1_P13__va_list_tagP6ThreadPhPvS7_S1_im+0x4df
V  [libjvm.dylib+0x79a374]  _ZN7VMError14report_and_dieEP6ThreadPKciS3_S3_P13__va_list_tag+0x4a
V  [libjvm.dylib+0x28bd01]  _Z12report_fatalPKciS0_z+0xc0
V  [libjvm.dylib+0x6af2fe]  _ZN20SafepointSynchronize5blockEP10JavaThread+0x172
V  [libjvm.dylib+0x747deb]  _ZN10JavaThread44check_safepoint_and_suspend_for_native_transEPS_+0xd5
V  [libjvm.dylib+0x765bdf]  _ZN21ThreadStateTransition22transition_from_nativeEP10JavaThread15JavaThreadState+0x3f
V  [libjvm.dylib+0x41130d]  jni_DeleteGlobalRef+0x46
C  [libglass.dylib+0x49a1]  -[GlassRunnable dealloc]+0x31
C  [libobjc.A.dylib+0x291ee]  _ZN11objc_object17sidetable_releaseEbb+0xe8
C  [Foundation+0x80e9b]  -[_NSThreadPerformInfo dealloc]+0x2a
C  [libobjc.A.dylib+0x291ee]  _ZN11objc_object17sidetable_releaseEbb+0xe8
C  [Foundation+0x4dcc7]  -[NSObject(NSThreadPerformAdditions) performSelectorOnMainThread:withObject:waitUntilDone:]+0x7c
J 3280  com.sun.glass.ui.mac.MacApplication._submitForLaterInvocation(Ljava/lang/Runnable;)V javafx.graphics@10.0.2 (0 bytes) @ 0x000000012100607c [0x0000000121005fc0+0x00000000000000bc]
J 6673 c2 com.sun.glass.ui.mac.MacApplication.submitForLaterInvocation(Ljava/lang/Runnable;)V javafx.graphics@10.0.2 (6 bytes) @ 0x0000000121237154 [0x0000000121237120+0x0000000000000034]
j  com.sun.glass.ui.InvokeLaterDispatcher.run()V+82 javafx.graphics@10.0.2
v  ~StubRoutines::call_stub
V  [libjvm.dylib+0x3d8c0e]  _ZN9JavaCalls11call_helperEP9JavaValueRK12methodHandleP17JavaCallArgumentsP6Thread+0x216
V  [libjvm.dylib+0x3d8222]  _ZN9JavaCalls12call_virtualEP9JavaValueP5KlassP6SymbolS5_P17JavaCallArgumentsP6Thread+0x12a
V  [libjvm.dylib+0x3d82e2]  _ZN9JavaCalls12call_virtualEP9JavaValue6HandleP5KlassP6SymbolS6_P6Thread+0x6a
V  [libjvm.dylib+0x454078]  _ZL12thread_entryP10JavaThreadP6Thread+0x77
V  [libjvm.dylib+0x74679c]  _ZN10JavaThread17thread_main_innerEv+0x86
V  [libjvm.dylib+0x633a5f]  _ZL19thread_native_entryP6Thread+0x12b
C  [libsystem_pthread.dylib+0x64f4]  _pthread_start+0x7d
C  [libsystem_pthread.dylib+0x200f]  thread_start+0xf
C  0x0000000000000000

Java frames: (J=compiled Java code, j=interpreted, Vv=VM code)
J 3280  com.sun.glass.ui.mac.MacApplication._submitForLaterInvocation(Ljava/lang/Runnable;)V javafx.graphics@10.0.2 (0 bytes) @ 0x000000012100600c [0x0000000121005fc0+0x000000000000004c]
J 6673 c2 com.sun.glass.ui.mac.MacApplication.submitForLaterInvocation(Ljava/lang/Runnable;)V javafx.graphics@10.0.2 (6 bytes) @ 0x0000000121237154 [0x0000000121237120+0x0000000000000034]
j  com.sun.glass.ui.InvokeLaterDispatcher.run()V+82 javafx.graphics@10.0.2
v  ~StubRoutines::call_stub

---------------  P R O C E S S  ---------------

Threads class SMR info:
_java_thread_list=0x0000600000710ea0, length=24, elements={
0x00007fafec00b800, 0x00007fafed00e800, 0x00007fafec05e000, 0x00007fafdb83d800,
0x00007fafdb840800, 0x00007fafdb841800, 0x00007fafdb842800, 0x00007fafdb843800,
0x00007fafeb861800, 0x00007fafed127800, 0x00007fafed139000, 0x00007fafeb865800,
0x00007fafdb92a000, 0x00007fafdb948800, 0x00007fafdbb52800, 0x00007fafebaf4800,
0x00007fafed5f5800, 0x00007fafac02d000, 0x00007fafec2d2800, 0x00007fafdbb6b000,
0x00007fafebdc2000, 0x00007faf8b948800, 0x00007fafec58c000, 0x00007fafec612000
}

Java Threads: ( => current thread )
  0x00007fafec00b800 JavaThread "main" [_thread_blocked, id=6915, stack(0x0000000309c69000,0x0000000309d69000)]
  0x00007fafed00e800 JavaThread "Reference Handler" daemon [_thread_blocked, id=39683, stack(0x000000030b2ab000,0x000000030b3ab000)]
  0x00007fafec05e000 JavaThread "Finalizer" daemon [_thread_blocked, id=39171, stack(0x000000030b3ae000,0x000000030b4ae000)]
  0x00007fafdb83d800 JavaThread "Signal Dispatcher" daemon [_thread_blocked, id=25603, stack(0x000000030b5bf000,0x000000030b6bf000)]
  0x00007fafdb840800 JavaThread "C2 CompilerThread0" daemon [_thread_blocked, id=36099, stack(0x000000030b6c2000,0x000000030b7c2000)]
  0x00007fafdb841800 JavaThread "C2 CompilerThread1" daemon [_thread_blocked, id=26627, stack(0x000000030b7c5000,0x000000030b8c5000)]
  0x00007fafdb842800 JavaThread "C2 CompilerThread2" daemon [_thread_blocked, id=27395, stack(0x000000030b8c8000,0x000000030b9c8000)]
  0x00007fafdb843800 JavaThread "C1 CompilerThread3" daemon [_thread_blocked, id=27907, stack(0x000000030b9cb000,0x000000030bacb000)]
  0x00007fafeb861800 JavaThread "Sweeper thread" daemon [_thread_blocked, id=28675, stack(0x000000030bace000,0x000000030bbce000)]
  0x00007fafed127800 JavaThread "Common-Cleaner" daemon [_thread_blocked, id=34051, stack(0x000000030bbd1000,0x000000030bcd1000)]
  0x00007fafed139000 JavaThread "Monitor Ctrl-Break" daemon [_thread_in_native, id=30467, stack(0x000000030bcd4000,0x000000030bdd4000)]
  0x00007fafeb865800 JavaThread "Service Thread" daemon [_thread_blocked, id=33027, stack(0x000000030bdd7000,0x000000030bed7000)]
  0x00007fafdb92a000 JavaThread "QuantumRenderer-0" daemon [_thread_blocked, id=32003, stack(0x000000030bfdd000,0x000000030c0dd000)]
  0x00007fafdb948800 JavaThread "Attach Listener" daemon [_thread_blocked, id=86531, stack(0x000000030c0e0000,0x000000030c1e0000)]
=>0x00007fafdbb52800 JavaThread "InvokeLaterDispatcher" daemon [_thread_in_native, id=82183, stack(0x000000030c26b000,0x000000030c36b000)]
  0x00007fafebaf4800 JavaThread "JavaFX Application Thread" [_thread_in_native_trans, id=259, stack(0x00000003093e6000,0x0000000309be6000)]
  0x00007fafed5f5800 JavaThread "Thread-2" daemon [_thread_blocked, id=74763, stack(0x000000030c36e000,0x000000030c3ee000)]
  0x00007fafac02d000 JavaThread "JavaFX-Launcher" [_thread_blocked, id=62723, stack(0x000000030c474000,0x000000030c574000)]
  0x00007fafec2d2800 JavaThread "Java2D Disposer" daemon [_thread_blocked, id=64263, stack(0x000000030c577000,0x000000030c677000)]
  0x00007fafdbb6b000 JavaThread "Prism Font Disposer" daemon [_thread_blocked, id=88323, stack(0x000000030c67a000,0x000000030c77a000)]
  0x00007fafebdc2000 JavaThread "Cleaner-0" daemon [_thread_blocked, id=94731, stack(0x000000030c803000,0x000000030c903000)]
  0x00007faf8b948800 JavaThread "pool-3-thread-1" [_thread_blocked, id=4927, stack(0x000000030c906000,0x000000030ca06000)]
  0x00007fafec58c000 JavaThread "pool-4-thread-1" [_thread_blocked, id=158471, stack(0x000000030cb9f000,0x000000030cc9f000)]
  0x00007fafec612000 JavaThread "process reaper" daemon [_thread_blocked, id=164503, stack(0x000000030c77d000,0x000000030c7a1000)]

Other Threads:
  0x00007fafec05b800 VMThread "VM Thread" [stack: 0x000000030b1a8000,0x000000030b2a8000] [id=41987] _threads_hazard_ptr=0x0000600000710ea0
  0x00007fafeb8d8800 WatcherThread [stack: 0x000000030beda000,0x000000030bfda000] [id=31067]
  0x00007fafec00d000 GCTaskThread "GC Thread#0" [stack: 0x0000000309d6c000,0x0000000309e6c000] [id=20739]
  0x00007fafed009800 GCTaskThread "GC Thread#1" [stack: 0x0000000309e6f000,0x0000000309f6f000] [id=13059]
  0x00007fafed00a800 GCTaskThread "GC Thread#2" [stack: 0x0000000309f72000,0x000000030a072000] [id=20483]
  0x00007fafed00b000 GCTaskThread "GC Thread#3" [stack: 0x000000030a075000,0x000000030a175000] [id=20227]
  0x00007fafeb80c800 GCTaskThread "GC Thread#4" [stack: 0x000000030a178000,0x000000030a278000] [id=19715]
  0x00007fafec017000 GCTaskThread "GC Thread#5" [stack: 0x000000030a27b000,0x000000030a37b000] [id=14083]
  0x00007fafec020800 GCTaskThread "GC Thread#6" [stack: 0x000000030a37e000,0x000000030a47e000] [id=14339]
  0x00007fafec021800 GCTaskThread "GC Thread#7" [stack: 0x000000030a481000,0x000000030a581000] [id=14851]
  0x00007fafdb825800 ConcurrentGCThread "G1 Main Marker" [stack: 0x000000030a584000,0x000000030a684000] [id=18947]
  0x00007fafec022000 ConcurrentGCThread "G1 Conc#0" [stack: 0x000000030a687000,0x000000030a787000] [id=18435]
  0x00007fafeb80d800 ConcurrentGCThread "G1 Conc#1" [stack: 0x000000030a78a000,0x000000030a88a000] [id=17923]
  0x00007fafec023000 ConcurrentGCThread "G1 Refine#0" [stack: 0x000000030a88d000,0x000000030a98d000] [id=15875]
  0x00007fafdb826800 ConcurrentGCThread "G1 Refine#1" [stack: 0x000000030a990000,0x000000030aa90000] [id=17411]
  0x00007fafeb84d800 ConcurrentGCThread "G1 Refine#2" [stack: 0x000000030aa93000,0x000000030ab93000] [id=17155]
  0x00007fafec023800 ConcurrentGCThread "G1 Refine#3" [stack: 0x000000030ab96000,0x000000030ac96000] [id=16899]
  0x00007fafdb827000 ConcurrentGCThread "G1 Refine#4" [stack: 0x000000030ac99000,0x000000030ad99000] [id=21763]
  0x00007fafdb828000 ConcurrentGCThread "G1 Refine#5" [stack: 0x000000030ad9c000,0x000000030ae9c000] [id=43011]
  0x00007fafed00c000 ConcurrentGCThread "G1 Refine#6" [stack: 0x000000030ae9f000,0x000000030af9f000] [id=22019]
  0x00007fafdb828800 ConcurrentGCThread "G1 Refine#7" [stack: 0x000000030afa2000,0x000000030b0a2000] [id=22275]
  0x00007fafdb829800 ConcurrentGCThread "G1 Young RemSet Sampling" [stack: 0x000000030b0a5000,0x000000030b1a5000] [id=42243]

Threads with active compile tasks:

VM state:synchronizing (normal execution)

VM Mutex/Monitor currently owned by a thread:  ([mutex/lock_event])
[0x000060000282d600] Safepoint_lock - owner thread: 0x00007fafec05b800
[0x000060000282d680] Threads_lock - owner thread: 0x00007fafec05b800

Heap address: 0x0000000740000000, size: 2048 MB, Compressed Oops mode: Zero based, Oop shift amount: 3
Narrow klass base: 0x0000000000000000, Narrow klass shift: 3
Compressed class space size: 1073741824 Address: 0x00000007c0000000

Heap:
 garbage-first heap   total 131072K, used 32757K [0x0000000740000000, 0x00000007c0000000)
  region size 1024K, 13 young (13312K), 7 survivors (7168K)
 Metaspace       used 34177K, capacity 35702K, committed 36220K, reserved 1081344K
  class space    used 4275K, capacity 4970K, committed 4992K, reserved 1048576K
Heap Regions: E=young(eden), S=young(survivor), O=old, HS=humongous(starts), HC=humongous(continues), CS=collection set, F=free, A=archive, TS=gc time stamp, AC=allocation context, TAMS=top-at-mark-start (previous, next)
|   0|0x0000000740000000, 0x0000000740100000, 0x0000000740100000|100%| O|  |TS  0|AC  0|TAMS 0x0000000740100000, 0x0000000740100000|
|   1|0x0000000740100000, 0x0000000740200000, 0x0000000740200000|100%| O|  |TS  0|AC  0|TAMS 0x0000000740200000, 0x0000000740200000|
|   2|0x0000000740200000, 0x0000000740300000, 0x0000000740300000|100%| O|  |TS  0|AC  0|TAMS 0x0000000740300000, 0x0000000740300000|
|   3|0x0000000740300000, 0x0000000740400000, 0x0000000740400000|100%| O|  |TS  0|AC  0|TAMS 0x0000000740400000, 0x0000000740400000|
|   4|0x0000000740400000, 0x0000000740500000, 0x0000000740500000|100%| O|  |TS  0|AC  0|TAMS 0x0000000740500000, 0x0000000740500000|
|   5|0x0000000740500000, 0x0000000740600000, 0x0000000740600000|100%| O|  |TS  0|AC  0|TAMS 0x0000000740600000, 0x0000000740600000|
|   6|0x0000000740600000, 0x0000000740700000, 0x0000000740700000|100%| O|  |TS  3|AC  0|TAMS 0x0000000740600000, 0x0000000740600000|
|   7|0x0000000740700000, 0x0000000740800000, 0x0000000740800000|100%| O|  |TS  3|AC  0|TAMS 0x0000000740700000, 0x0000000740700000|
|   8|0x0000000740800000, 0x0000000740900000, 0x0000000740900000|100%| O|  |TS  6|AC  0|TAMS 0x0000000740800000, 0x0000000740800000|
|   9|0x0000000740900000, 0x0000000740a00000, 0x0000000740a00000|100%| O|  |TS  6|AC  0|TAMS 0x0000000740900000, 0x0000000740900000|
|  10|0x0000000740a00000, 0x0000000740b00000, 0x0000000740b00000|100%|HS|  |TS  0|AC  0|TAMS 0x0000000740b00000, 0x0000000740b00000|
|  11|0x0000000740b00000, 0x0000000740c00000, 0x0000000740c00000|100%|HC|  |TS  0|AC  0|TAMS 0x0000000740c00000, 0x0000000740c00000|
|  12|0x0000000740c00000, 0x0000000740d00000, 0x0000000740d00000|100%| O|  |TS  0|AC  0|TAMS 0x0000000740d00000, 0x0000000740d00000|
|  13|0x0000000740d00000, 0x0000000740e00000, 0x0000000740e00000|100%| O|  |TS  0|AC  0|TAMS 0x0000000740e00000, 0x0000000740e00000|
|  14|0x0000000740e00000, 0x0000000740f00000, 0x0000000740f00000|100%| O|  |TS  0|AC  0|TAMS 0x0000000740f00000, 0x0000000740f00000|
|  15|0x0000000740f00000, 0x0000000741000000, 0x0000000741000000|100%| O|  |TS  0|AC  0|TAMS 0x0000000741000000, 0x0000000741000000|
|  16|0x0000000741000000, 0x0000000741100000, 0x0000000741100000|100%| O|  |TS  3|AC  0|TAMS 0x0000000741011200, 0x0000000741011200|
|  17|0x0000000741100000, 0x0000000741200000, 0x0000000741200000|100%| O|  |TS  7|AC  0|TAMS 0x0000000741100000, 0x0000000741100000|
|  18|0x0000000741200000, 0x0000000741300000, 0x0000000741300000|100%| O|  |TS  8|AC  0|TAMS 0x0000000741200000, 0x0000000741200000|
|  19|0x0000000741300000, 0x0000000741400000, 0x0000000741400000|100%| O|  |TS  8|AC  0|TAMS 0x0000000741300000, 0x0000000741300000|
|  20|0x0000000741400000, 0x000000074143de00, 0x0000000741500000| 24%| O|  |TS  9|AC  0|TAMS 0x0000000741400000, 0x0000000741400000|
|  21|0x0000000741500000, 0x0000000741500000, 0x0000000741600000|  0%| F|  |TS  0|AC  0|TAMS 0x0000000741500000, 0x0000000741500000|
|  22|0x0000000741600000, 0x0000000741600000, 0x0000000741700000|  0%| F|  |TS  0|AC  0|TAMS 0x0000000741600000, 0x0000000741600000|
|  23|0x0000000741700000, 0x0000000741700000, 0x0000000741800000|  0%| F|  |TS  0|AC  0|TAMS 0x0000000741700000, 0x0000000741700000|
|  24|0x0000000741800000, 0x0000000741800000, 0x0000000741900000|  0%| F|  |TS  0|AC  0|TAMS 0x0000000741800000, 0x0000000741800000|
|  25|0x0000000741900000, 0x0000000741900000, 0x0000000741a00000|  0%| F|  |TS  0|AC  0|TAMS 0x0000000741900000, 0x0000000741900000|
|  26|0x0000000741a00000, 0x0000000741a00000, 0x0000000741b00000|  0%| F|  |TS  0|AC  0|TAMS 0x0000000741a00000, 0x0000000741a00000|
|  27|0x0000000741b00000, 0x0000000741b00000, 0x0000000741c00000|  0%| F|  |TS  0|AC  0|TAMS 0x0000000741b00000, 0x0000000741b00000|
|  28|0x0000000741c00000, 0x0000000741c00000, 0x0000000741d00000|  0%| F|  |TS  0|AC  0|TAMS 0x0000000741c00000, 0x0000000741c00000|
|  29|0x0000000741d00000, 0x0000000741d00000, 0x0000000741e00000|  0%| F|  |TS  0|AC  0|TAMS 0x0000000741d00000, 0x0000000741d00000|
|  30|0x0000000741e00000, 0x0000000741e00000, 0x0000000741f00000|  0%| F|  |TS  0|AC  0|TAMS 0x0000000741e00000, 0x0000000741e00000|
|  31|0x0000000741f00000, 0x0000000741f00000, 0x0000000742000000|  0%| F|  |TS  0|AC  0|TAMS 0x0000000741f00000, 0x0000000741f00000|
|  32|0x0000000742000000, 0x0000000742000000, 0x0000000742100000|  0%| F|  |TS  0|AC  0|TAMS 0x0000000742000000, 0x0000000742000000|
|  33|0x0000000742100000, 0x0000000742100000, 0x0000000742200000|  0%| F|  |TS  0|AC  0|TAMS 0x0000000742100000, 0x0000000742100000|
|  34|0x0000000742200000, 0x0000000742200000, 0x0000000742300000|  0%| F|  |TS  0|AC  0|TAMS 0x0000000742200000, 0x0000000742200000|
|  35|0x0000000742300000, 0x0000000742300000, 0x0000000742400000|  0%| F|  |TS  0|AC  0|TAMS 0x0000000742300000, 0x0000000742300000|
|  36|0x0000000742400000, 0x0000000742400000, 0x0000000742500000|  0%| F|  |TS  0|AC  0|TAMS 0x0000000742400000, 0x0000000742400000|
|  37|0x0000000742500000, 0x0000000742500000, 0x0000000742600000|  0%| F|  |TS  0|AC  0|TAMS 0x0000000742500000, 0x0000000742500000|
|  38|0x0000000742600000, 0x0000000742600000, 0x0000000742700000|  0%| F|  |TS  0|AC  0|TAMS 0x0000000742600000, 0x0000000742600000|
|  39|0x0000000742700000, 0x0000000742700000, 0x0000000742800000|  0%| F|  |TS  0|AC  0|TAMS 0x0000000742700000, 0x0000000742700000|
|  40|0x0000000742800000, 0x0000000742800000, 0x0000000742900000|  0%| F|  |TS  0|AC  0|TAMS 0x0000000742800000, 0x0000000742800000|
|  41|0x0000000742900000, 0x0000000742900000, 0x0000000742a00000|  0%| F|  |TS  0|AC  0|TAMS 0x0000000742900000, 0x0000000742900000|
|  42|0x0000000742a00000, 0x0000000742a00000, 0x0000000742b00000|  0%| F|  |TS  0|AC  0|TAMS 0x0000000742a00000, 0x0000000742a00000|
|  43|0x0000000742b00000, 0x0000000742b00000, 0x0000000742c00000|  0%| F|  |TS  0|AC  0|TAMS 0x0000000742b00000, 0x0000000742b00000|
|  44|0x0000000742c00000, 0x0000000742c00000, 0x0000000742d00000|  0%| F|  |TS  0|AC  0|TAMS 0x0000000742c00000, 0x0000000742c00000|
|  45|0x0000000742d00000, 0x0000000742dbf910, 0x0000000742e00000| 74%| S|CS|TS  9|AC  0|TAMS 0x0000000742d00000, 0x0000000742d00000|
|  46|0x0000000742e00000, 0x0000000742f00000, 0x0000000742f00000|100%| S|CS|TS  9|AC  0|TAMS 0x0000000742e00000, 0x0000000742e00000|
|  47|0x0000000742f00000, 0x0000000743000000, 0x0000000743000000|100%| S|CS|TS  9|AC  0|TAMS 0x0000000742f00000, 0x0000000742f00000|
|  48|0x0000000743000000, 0x0000000743100000, 0x0000000743100000|100%| S|CS|TS  9|AC  0|TAMS 0x0000000743000000, 0x0000000743000000|
|  49|0x0000000743100000, 0x0000000743100000, 0x0000000743200000|  0%| F|  |TS  9|AC  0|TAMS 0x0000000743100000, 0x0000000743100000|
|  50|0x0000000743200000, 0x0000000743200000, 0x0000000743300000|  0%| F|  |TS  9|AC  0|TAMS 0x0000000743200000, 0x0000000743200000|
|  51|0x0000000743300000, 0x0000000743400000, 0x0000000743400000|100%| S|CS|TS  9|AC  0|TAMS 0x0000000743300000, 0x0000000743300000|
|  52|0x0000000743400000, 0x0000000743500000, 0x0000000743500000|100%| S|CS|TS  9|AC  0|TAMS 0x0000000743400000, 0x0000000743400000|
|  53|0x0000000743500000, 0x0000000743600000, 0x0000000743600000|100%| S|CS|TS  9|AC  0|TAMS 0x0000000743500000, 0x0000000743500000|
|  54|0x0000000743600000, 0x0000000743600000, 0x0000000743700000|  0%| F|  |TS  9|AC  0|TAMS 0x0000000743600000, 0x0000000743600000|
|  55|0x0000000743700000, 0x0000000743700000, 0x0000000743800000|  0%| F|  |TS  9|AC  0|TAMS 0x0000000743700000, 0x0000000743700000|
|  56|0x0000000743800000, 0x0000000743800000, 0x0000000743900000|  0%| F|  |TS  9|AC  0|TAMS 0x0000000743800000, 0x0000000743800000|
|  57|0x0000000743900000, 0x0000000743900000, 0x0000000743a00000|  0%| F|  |TS  9|AC  0|TAMS 0x0000000743900000, 0x0000000743900000|
|  58|0x0000000743a00000, 0x0000000743a00000, 0x0000000743b00000|  0%| F|  |TS  9|AC  0|TAMS 0x0000000743a00000, 0x0000000743a00000|
|  59|0x0000000743b00000, 0x0000000743b00000, 0x0000000743c00000|  0%| F|  |TS  9|AC  0|TAMS 0x0000000743b00000, 0x0000000743b00000|
|  60|0x0000000743c00000, 0x0000000743c00000, 0x0000000743d00000|  0%| F|  |TS  9|AC  0|TAMS 0x0000000743c00000, 0x0000000743c00000|
|  61|0x0000000743d00000, 0x0000000743d00000, 0x0000000743e00000|  0%| F|  |TS  9|AC  0|TAMS 0x0000000743d00000, 0x0000000743d00000|
|  62|0x0000000743e00000, 0x0000000743e00000, 0x0000000743f00000|  0%| F|  |TS  9|AC  0|TAMS 0x0000000743e00000, 0x0000000743e00000|
|  63|0x0000000743f00000, 0x0000000743f00000, 0x0000000744000000|  0%| F|  |TS  9|AC  0|TAMS 0x0000000743f00000, 0x0000000743f00000|
|  64|0x0000000744000000, 0x0000000744000000, 0x0000000744100000|  0%| F|  |TS  9|AC  0|TAMS 0x0000000744000000, 0x0000000744000000|
|  65|0x0000000744100000, 0x0000000744100000, 0x0000000744200000|  0%| F|  |TS  9|AC  0|TAMS 0x0000000744100000, 0x0000000744100000|
|  66|0x0000000744200000, 0x0000000744200000, 0x0000000744300000|  0%| F|  |TS  9|AC  0|TAMS 0x0000000744200000, 0x0000000744200000|
|  67|0x0000000744300000, 0x0000000744300000, 0x0000000744400000|  0%| F|  |TS  9|AC  0|TAMS 0x0000000744300000, 0x0000000744300000|
|  68|0x0000000744400000, 0x0000000744400000, 0x0000000744500000|  0%| F|  |TS  9|AC  0|TAMS 0x0000000744400000, 0x0000000744400000|
|  69|0x0000000744500000, 0x0000000744500000, 0x0000000744600000|  0%| F|  |TS  9|AC  0|TAMS 0x0000000744500000, 0x0000000744500000|
|  70|0x0000000744600000, 0x0000000744600000, 0x0000000744700000|  0%| F|  |TS  9|AC  0|TAMS 0x0000000744600000, 0x0000000744600000|
|  71|0x0000000744700000, 0x0000000744700000, 0x0000000744800000|  0%| F|  |TS  9|AC  0|TAMS 0x0000000744700000, 0x0000000744700000|
|  72|0x0000000744800000, 0x0000000744800000, 0x0000000744900000|  0%| F|  |TS  9|AC  0|TAMS 0x0000000744800000, 0x0000000744800000|
|  73|0x0000000744900000, 0x0000000744900000, 0x0000000744a00000|  0%| F|  |TS  9|AC  0|TAMS 0x0000000744900000, 0x0000000744900000|
|  74|0x0000000744a00000, 0x0000000744a00000, 0x0000000744b00000|  0%| F|  |TS  9|AC  0|TAMS 0x0000000744a00000, 0x0000000744a00000|
|  75|0x0000000744b00000, 0x0000000744b00000, 0x0000000744c00000|  0%| F|  |TS  9|AC  0|TAMS 0x0000000744b00000, 0x0000000744b00000|
|  76|0x0000000744c00000, 0x0000000744c00000, 0x0000000744d00000|  0%| F|  |TS  9|AC  0|TAMS 0x0000000744c00000, 0x0000000744c00000|
|  77|0x0000000744d00000, 0x0000000744d00000, 0x0000000744e00000|  0%| F|  |TS  9|AC  0|TAMS 0x0000000744d00000, 0x0000000744d00000|
|  78|0x0000000744e00000, 0x0000000744e00000, 0x0000000744f00000|  0%| F|  |TS  9|AC  0|TAMS 0x0000000744e00000, 0x0000000744e00000|
|  79|0x0000000744f00000, 0x0000000744f00000, 0x0000000745000000|  0%| F|  |TS  9|AC  0|TAMS 0x0000000744f00000, 0x0000000744f00000|
|  80|0x0000000745000000, 0x0000000745000000, 0x0000000745100000|  0%| F|  |TS  9|AC  0|TAMS 0x0000000745000000, 0x0000000745000000|
|  81|0x0000000745100000, 0x0000000745100000, 0x0000000745200000|  0%| F|  |TS  9|AC  0|TAMS 0x0000000745100000, 0x0000000745100000|
|  82|0x0000000745200000, 0x0000000745200000, 0x0000000745300000|  0%| F|  |TS  9|AC  0|TAMS 0x0000000745200000, 0x0000000745200000|
|  83|0x0000000745300000, 0x0000000745300000, 0x0000000745400000|  0%| F|  |TS  9|AC  0|TAMS 0x0000000745300000, 0x0000000745300000|
|  84|0x0000000745400000, 0x0000000745400000, 0x0000000745500000|  0%| F|  |TS  9|AC  0|TAMS 0x0000000745400000, 0x0000000745400000|
|  85|0x0000000745500000, 0x0000000745500000, 0x0000000745600000|  0%| F|  |TS  9|AC  0|TAMS 0x0000000745500000, 0x0000000745500000|
|  86|0x0000000745600000, 0x0000000745600000, 0x0000000745700000|  0%| F|  |TS  9|AC  0|TAMS 0x0000000745600000, 0x0000000745600000|
|  87|0x0000000745700000, 0x0000000745700000, 0x0000000745800000|  0%| F|  |TS  9|AC  0|TAMS 0x0000000745700000, 0x0000000745700000|
|  88|0x0000000745800000, 0x0000000745800000, 0x0000000745900000|  0%| F|  |TS  9|AC  0|TAMS 0x0000000745800000, 0x0000000745800000|
|  89|0x0000000745900000, 0x0000000745900000, 0x0000000745a00000|  0%| F|  |TS  9|AC  0|TAMS 0x0000000745900000, 0x0000000745900000|
|  90|0x0000000745a00000, 0x0000000745a00000, 0x0000000745b00000|  0%| F|  |TS  9|AC  0|TAMS 0x0000000745a00000, 0x0000000745a00000|
|  91|0x0000000745b00000, 0x0000000745b00000, 0x0000000745c00000|  0%| F|  |TS  9|AC  0|TAMS 0x0000000745b00000, 0x0000000745b00000|
|  92|0x0000000745c00000, 0x0000000745c00000, 0x0000000745d00000|  0%| F|  |TS  9|AC  0|TAMS 0x0000000745c00000, 0x0000000745c00000|
|  93|0x0000000745d00000, 0x0000000745d00000, 0x0000000745e00000|  0%| F|  |TS  9|AC  0|TAMS 0x0000000745d00000, 0x0000000745d00000|
|  94|0x0000000745e00000, 0x0000000745e00000, 0x0000000745f00000|  0%| F|  |TS  9|AC  0|TAMS 0x0000000745e00000, 0x0000000745e00000|
|  95|0x0000000745f00000, 0x0000000745f00000, 0x0000000746000000|  0%| F|  |TS  9|AC  0|TAMS 0x0000000745f00000, 0x0000000745f00000|
|  96|0x0000000746000000, 0x0000000746000000, 0x0000000746100000|  0%| F|  |TS  9|AC  0|TAMS 0x0000000746000000, 0x0000000746000000|
|  97|0x0000000746100000, 0x0000000746100000, 0x0000000746200000|  0%| F|  |TS  9|AC  0|TAMS 0x0000000746100000, 0x0000000746100000|
|  98|0x0000000746200000, 0x0000000746200000, 0x0000000746300000|  0%| F|  |TS  9|AC  0|TAMS 0x0000000746200000, 0x0000000746200000|
|  99|0x0000000746300000, 0x0000000746300000, 0x0000000746400000|  0%| F|  |TS  9|AC  0|TAMS 0x0000000746300000, 0x0000000746300000|
| 100|0x0000000746400000, 0x0000000746400000, 0x0000000746500000|  0%| F|  |TS  9|AC  0|TAMS 0x0000000746400000, 0x0000000746400000|
| 101|0x0000000746500000, 0x0000000746500000, 0x0000000746600000|  0%| F|  |TS  9|AC  0|TAMS 0x0000000746500000, 0x0000000746500000|
| 102|0x0000000746600000, 0x0000000746600000, 0x0000000746700000|  0%| F|  |TS  9|AC  0|TAMS 0x0000000746600000, 0x0000000746600000|
| 103|0x0000000746700000, 0x0000000746700000, 0x0000000746800000|  0%| F|  |TS  9|AC  0|TAMS 0x0000000746700000, 0x0000000746700000|
| 104|0x0000000746800000, 0x0000000746800000, 0x0000000746900000|  0%| F|  |TS  9|AC  0|TAMS 0x0000000746800000, 0x0000000746800000|
| 105|0x0000000746900000, 0x0000000746900000, 0x0000000746a00000|  0%| F|  |TS  9|AC  0|TAMS 0x0000000746900000, 0x0000000746900000|
| 106|0x0000000746a00000, 0x0000000746a00000, 0x0000000746b00000|  0%| F|  |TS  9|AC  0|TAMS 0x0000000746a00000, 0x0000000746a00000|
| 107|0x0000000746b00000, 0x0000000746b00000, 0x0000000746c00000|  0%| F|  |TS  9|AC  0|TAMS 0x0000000746b00000, 0x0000000746b00000|
| 108|0x0000000746c00000, 0x0000000746c00000, 0x0000000746d00000|  0%| F|  |TS  9|AC  0|TAMS 0x0000000746c00000, 0x0000000746c00000|
| 109|0x0000000746d00000, 0x0000000746d00000, 0x0000000746e00000|  0%| F|  |TS  9|AC  0|TAMS 0x0000000746d00000, 0x0000000746d00000|
| 110|0x0000000746e00000, 0x0000000746e00000, 0x0000000746f00000|  0%| F|  |TS  9|AC  0|TAMS 0x0000000746e00000, 0x0000000746e00000|
| 111|0x0000000746f00000, 0x0000000746f00000, 0x0000000747000000|  0%| F|  |TS  9|AC  0|TAMS 0x0000000746f00000, 0x0000000746f00000|
| 112|0x0000000747000000, 0x0000000747000000, 0x0000000747100000|  0%| F|  |TS  9|AC  0|TAMS 0x0000000747000000, 0x0000000747000000|
| 113|0x0000000747100000, 0x0000000747100000, 0x0000000747200000|  0%| F|  |TS  9|AC  0|TAMS 0x0000000747100000, 0x0000000747100000|
| 114|0x0000000747200000, 0x0000000747200000, 0x0000000747300000|  0%| F|  |TS  9|AC  0|TAMS 0x0000000747200000, 0x0000000747200000|
| 115|0x0000000747300000, 0x0000000747300000, 0x0000000747400000|  0%| F|  |TS  9|AC  0|TAMS 0x0000000747300000, 0x0000000747300000|
| 116|0x0000000747400000, 0x0000000747400000, 0x0000000747500000|  0%| F|  |TS  9|AC  0|TAMS 0x0000000747400000, 0x0000000747400000|
| 117|0x0000000747500000, 0x0000000747500000, 0x0000000747600000|  0%| F|  |TS  9|AC  0|TAMS 0x0000000747500000, 0x0000000747500000|
| 118|0x0000000747600000, 0x0000000747600000, 0x0000000747700000|  0%| F|  |TS  9|AC  0|TAMS 0x0000000747600000, 0x0000000747600000|
| 119|0x0000000747700000, 0x0000000747700000, 0x0000000747800000|  0%| F|  |TS  9|AC  0|TAMS 0x0000000747700000, 0x0000000747700000|
| 120|0x0000000747800000, 0x0000000747800000, 0x0000000747900000|  0%| F|  |TS  9|AC  0|TAMS 0x0000000747800000, 0x0000000747800000|
| 121|0x0000000747900000, 0x0000000747900000, 0x0000000747a00000|  0%| F|  |TS  9|AC  0|TAMS 0x0000000747900000, 0x0000000747900000|
| 122|0x0000000747a00000, 0x0000000747a27898, 0x0000000747b00000| 15%| E|  |TS  9|AC  0|TAMS 0x0000000747a00000, 0x0000000747a00000|
| 123|0x0000000747b00000, 0x0000000747c00000, 0x0000000747c00000|100%| E|CS|TS  9|AC  0|TAMS 0x0000000747b00000, 0x0000000747b00000|
| 124|0x0000000747c00000, 0x0000000747d00000, 0x0000000747d00000|100%| E|CS|TS  9|AC  0|TAMS 0x0000000747c00000, 0x0000000747c00000|
| 125|0x0000000747d00000, 0x0000000747e00000, 0x0000000747e00000|100%| E|CS|TS  9|AC  0|TAMS 0x0000000747d00000, 0x0000000747d00000|
| 126|0x0000000747e00000, 0x0000000747f00000, 0x0000000747f00000|100%| E|CS|TS  9|AC  0|TAMS 0x0000000747e00000, 0x0000000747e00000|
| 127|0x0000000747f00000, 0x0000000748000000, 0x0000000748000000|100%| E|CS|TS  9|AC  0|TAMS 0x0000000747f00000, 0x0000000747f00000|

Card table byte_map: [0x000000010bb22000,0x000000010bf22000] byte_map_base: 0x0000000108122000

Marking Bits (Prev, Next): (CMBitMap*) 0x00007fafdb825060, (CMBitMap*) 0x00007fafdb825098
 Prev Bits: [0x00000001287bf000, 0x000000012a7bf000)
 Next Bits: [0x000000012a7bf000, 0x000000012c7bf000)

Polling page: 0x0000000102cf4000

CodeHeap 'non-profiled nmethods': size=120032Kb used=5726Kb max_used=5726Kb free=114305Kb
 bounds [0x0000000120e87000, 0x0000000121427000, 0x00000001283bf000]
CodeHeap 'profiled nmethods': size=120028Kb used=16327Kb max_used=16327Kb free=103701Kb
 bounds [0x0000000119950000, 0x000000011a950000, 0x0000000120e87000]
CodeHeap 'non-nmethods': size=5700Kb used=1351Kb max_used=1407Kb free=4348Kb
 bounds [0x00000001193bf000, 0x000000011962f000, 0x0000000119950000]
 total_blobs=11406 nmethods=7976 adapters=741
 compilation: enabled

Compilation events (10 events):
Event: 90.066 Thread 0x00007fafdb840800 7973       4       org.fxmisc.flowless.VirtualizedScrollPane$$Lambda$887/731818852::run (8 bytes)
Event: 90.074 Thread 0x00007fafdb840800 nmethod 7973 0x000000012141bf90 code [0x000000012141c1a0, 0x000000012141c9e8]
Event: 90.100 Thread 0x00007fafdb841800 7974       4       org.fxmisc.flowless.VirtualizedScrollPane$$Lambda$886/911053683::run (8 bytes)
Event: 90.108 Thread 0x00007fafdb841800 nmethod 7974 0x000000012141ce90 code [0x000000012141d0a0, 0x000000012141d8e8]
Event: 90.237 Thread 0x00007fafdb843800 7975 % !   3       com.sun.glass.ui.InvokeLaterDispatcher::run @ 0 (153 bytes)
Event: 90.237 Thread 0x00007fafdb843800 nmethod 7975% 0x000000011a93eb90 code [0x000000011a93ee40, 0x000000011a93fd28]
Event: 90.248 Thread 0x00007fafdb843800 7976   !   3       com.sun.glass.ui.InvokeLaterDispatcher::run (153 bytes)
Event: 90.248 Thread 0x00007fafdb843800 nmethod 7976 0x000000011a940410 code [0x000000011a9406c0, 0x000000011a941568]
Event: 90.665 Thread 0x00007fafdb842800 7977 % !   4       com.sun.glass.ui.InvokeLaterDispatcher::run @ 94 (153 bytes)
Event: 90.670 Thread 0x00007fafdb842800 nmethod 7977% 0x000000012141dd90 code [0x000000012141dfa0, 0x000000012141e668]

GC Heap History (10 events):
Event: 88.980 GC heap before
{Heap before GC invocations=11 (full 0):
 garbage-first heap   total 131072K, used 92377K [0x0000000740000000, 0x00000007c0000000)
  region size 1024K, 76 young (77824K), 6 survivors (6144K)
 Metaspace       used 34158K, capacity 35701K, committed 36220K, reserved 1081344K
  class space    used 4275K, capacity 4970K, committed 4992K, reserved 1048576K
}
Event: 88.992 GC heap after
{Heap after GC invocations=12 (full 0):
 garbage-first heap   total 131072K, used 22329K [0x0000000740000000, 0x00000007c0000000)
  region size 1024K, 7 young (7168K), 7 survivors (7168K)
 Metaspace       used 34158K, capacity 35701K, committed 36220K, reserved 1081344K
  class space    used 4275K, capacity 4970K, committed 4992K, reserved 1048576K
}
Event: 89.197 GC heap before
{Heap before GC invocations=12 (full 0):
 garbage-first heap   total 131072K, used 92985K [0x0000000740000000, 0x00000007c0000000)
  region size 1024K, 76 young (77824K), 7 survivors (7168K)
 Metaspace       used 34158K, capacity 35701K, committed 36220K, reserved 1081344K
  class space    used 4275K, capacity 4970K, committed 4992K, reserved 1048576K
}
Event: 89.211 GC heap after
{Heap after GC invocations=13 (full 0):
 garbage-first heap   total 131072K, used 23556K [0x0000000740000000, 0x00000007c0000000)
  region size 1024K, 6 young (6144K), 6 survivors (6144K)
 Metaspace       used 34158K, capacity 35701K, committed 36220K, reserved 1081344K
  class space    used 4275K, capacity 4970K, committed 4992K, reserved 1048576K
}
Event: 89.395 GC heap before
{Heap before GC invocations=13 (full 0):
 garbage-first heap   total 131072K, used 95236K [0x0000000740000000, 0x00000007c0000000)
  region size 1024K, 76 young (77824K), 6 survivors (6144K)
 Metaspace       used 34161K, capacity 35701K, committed 36220K, reserved 1081344K
  class space    used 4275K, capacity 4970K, committed 4992K, reserved 1048576K
}
Event: 89.408 GC heap after
{Heap after GC invocations=14 (full 0):
 garbage-first heap   total 131072K, used 24937K [0x0000000740000000, 0x00000007c0000000)
  region size 1024K, 6 young (6144K), 6 survivors (6144K)
 Metaspace       used 34161K, capacity 35701K, committed 36220K, reserved 1081344K
  class space    used 4275K, capacity 4970K, committed 4992K, reserved 1048576K
}
Event: 89.570 GC heap before
{Heap before GC invocations=14 (full 0):
 garbage-first heap   total 131072K, used 96617K [0x0000000740000000, 0x00000007c0000000)
  region size 1024K, 76 young (77824K), 6 survivors (6144K)
 Metaspace       used 34165K, capacity 35701K, committed 36220K, reserved 1081344K
  class space    used 4275K, capacity 4970K, committed 4992K, reserved 1048576K
}
Event: 89.584 GC heap after
{Heap after GC invocations=15 (full 0):
 garbage-first heap   total 131072K, used 26237K [0x0000000740000000, 0x00000007c0000000)
  region size 1024K, 6 young (6144K), 6 survivors (6144K)
 Metaspace       used 34165K, capacity 35701K, committed 36220K, reserved 1081344K
  class space    used 4275K, capacity 4970K, committed 4992K, reserved 1048576K
}
Event: 89.740 GC heap before
{Heap before GC invocations=15 (full 0):
 garbage-first heap   total 131072K, used 97917K [0x0000000740000000, 0x00000007c0000000)
  region size 1024K, 76 young (77824K), 6 survivors (6144K)
 Metaspace       used 34165K, capacity 35701K, committed 36220K, reserved 1081344K
  class space    used 4275K, capacity 4970K, committed 4992K, reserved 1048576K
}
Event: 89.752 GC heap after
{Heap after GC invocations=16 (full 0):
 garbage-first heap   total 131072K, used 27637K [0x0000000740000000, 0x00000007c0000000)
  region size 1024K, 7 young (7168K), 7 survivors (7168K)
 Metaspace       used 34165K, capacity 35701K, committed 36220K, reserved 1081344K
  class space    used 4275K, capacity 4970K, committed 4992K, reserved 1048576K
}

Deoptimization events (10 events):
Event: 89.832 Thread 0x00007fafebaf4800 Uncommon trap: reason=unstable_if action=reinterpret pc=0x00000001213d1c54 method=javafx.animation.Animation.play()V @ 73 c2
Event: 89.834 Thread 0x00007fafebaf4800 Uncommon trap: reason=unstable_if action=reinterpret pc=0x00000001213cc220 method=com.sun.javafx.binding.ContentBinding$ListContentBinding.onChanged(Ljavafx/collections/ListChangeListener$Change;)V @ 127 c2
Event: 89.838 Thread 0x00007fafebaf4800 Uncommon trap: reason=class_check action=maybe_recompile pc=0x0000000121325cd4 method=org.reactfx.util.SparseList$$Lambda$380/488743923.apply(Ljava/lang/Object;)Ljava/lang/Object; @ 17 c2
Event: 89.847 Thread 0x00007fafebaf4800 Uncommon trap: reason=class_check action=maybe_recompile pc=0x00000001213c11dc method=org.reactfx.collection.LiveList$QuasiModificationObserver.sizeOf(Lorg/reactfx/collection/ListModificationSequence;)Lorg/reactfx/util/AccumulatorSize; @ 1 c2
Event: 89.847 Thread 0x00007fafebaf4800 Uncommon trap: reason=class_check action=maybe_recompile pc=0x00000001213e33d8 method=org.reactfx.collection.LiveList$QuasiModificationObserver.headOf(Lorg/reactfx/collection/ListModificationSequence;)Lorg/reactfx/collection/QuasiListModification; @ 1 c2
Event: 89.853 Thread 0x00007fafebaf4800 Uncommon trap: reason=class_check action=maybe_recompile pc=0x00000001213c11dc method=org.reactfx.collection.LiveList$QuasiModificationObserver.sizeOf(Lorg/reactfx/collection/ListModificationSequence;)Lorg/reactfx/util/AccumulatorSize; @ 1 c2
Event: 89.853 Thread 0x00007fafebaf4800 Uncommon trap: reason=class_check action=maybe_recompile pc=0x00000001213e33d8 method=org.reactfx.collection.LiveList$QuasiModificationObserver.headOf(Lorg/reactfx/collection/ListModificationSequence;)Lorg/reactfx/collection/QuasiListModification; @ 1 c2
Event: 89.854 Thread 0x00007fafebaf4800 Uncommon trap: reason=class_check action=maybe_recompile pc=0x00000001213e2fb8 method=org.reactfx.collection.LiveList$QuasiModificationObserver.headOf(Lorg/reactfx/collection/ListModificationSequence;)Lorg/reactfx/collection/QuasiListModification; @ 1 c2
Event: 89.871 Thread 0x00007fafebaf4800 Uncommon trap: reason=unstable_if action=reinterpret pc=0x000000012119ecb8 method=com.sun.javafx.text.TextRun.getWidth()F @ 7 c2
Event: 89.909 Thread 0x00007fafdb92a000 Uncommon trap: reason=unstable_if action=reinterpret pc=0x00000001211a6f98 method=com.sun.prism.impl.ps.BaseShaderGraphics.initLCDSampleRT()V @ 4 c2

Classes redefined (0 events):
No events

Internal exceptions (10 events):
Event: 42.136 Thread 0x00007fafebaf4800 Implicit null exception at 0x0000000120f9963a to 0x0000000120f9a26a
Event: 53.636 Thread 0x00007fafebaf4800 Implicit null exception at 0x0000000120f8a66f to 0x0000000120f8acce
Event: 53.653 Thread 0x00007fafebaf4800 Exception <a 'java/lang/NoSuchMethodError'{0x00000007469324a0}: java.lang.invoke.DirectMethodHandle$Holder.invokeInterface(Ljava/lang/Object;Ljava/lang/Object;Ljava/lang/Object;Ljava/lang/Object;)Ljava/lang/Object;> (0x00000007469324a0) thrown at [/scratc
Event: 53.658 Thread 0x00007fafebaf4800 Exception <a 'java/lang/NoSuchMethodError'{0x0000000746963260}: java.lang.Object.lambda$pApply$0(Ljava/lang/Object;Ljava/lang/Object;Ljava/lang/Object;)Ljava/lang/Object;> (0x0000000746963260) thrown at [/scratch/mesos/slaves/9190d864-6621-4810-ba08-d8d8c
Event: 55.592 Thread 0x00007fafebaf4800 Exception <a 'java/lang/NoSuchMethodError'{0x000000074594be38}: method resolution failed> (0x000000074594be38) thrown at [/scratch/mesos/slaves/9190d864-6621-4810-ba08-d8d8c75ba674-S34/frameworks/1735e8a2-a1db-478c-8104-60c8b0af87dd-0196/executors/f87b489
Event: 55.598 Thread 0x00007fafebaf4800 Exception <a 'java/lang/NoSuchMethodError'{0x0000000745955bb0}: java.lang.invoke.DirectMethodHandle$Holder.invokeStatic(Ljava/lang/Object;Ljava/lang/Object;ILjava/lang/Object;DDDDDDIIIIIIII)Ljava/lang/Object;> (0x0000000745955bb0) thrown at [/scratch/meso
Event: 55.599 Thread 0x00007fafebaf4800 Exception <a 'java/lang/NoSuchMethodError'{0x000000074595a150}: method resolution failed> (0x000000074595a150) thrown at [/scratch/mesos/slaves/9190d864-6621-4810-ba08-d8d8c75ba674-S34/frameworks/1735e8a2-a1db-478c-8104-60c8b0af87dd-0196/executors/f87b489
Event: 63.229 Thread 0x00007fafebaf4800 Exception <a 'java/lang/NoSuchMethodError'{0x0000000746877d20}: method resolution failed> (0x0000000746877d20) thrown at [/scratch/mesos/slaves/9190d864-6621-4810-ba08-d8d8c75ba674-S34/frameworks/1735e8a2-a1db-478c-8104-60c8b0af87dd-0196/executors/f87b489
Event: 86.434 Thread 0x00007fafec300000 Exception <a 'java/lang/NoSuchMethodError'{0x00000007458faf28}: method resolution failed> (0x00000007458faf28) thrown at [/scratch/mesos/slaves/9190d864-6621-4810-ba08-d8d8c75ba674-S34/frameworks/1735e8a2-a1db-478c-8104-60c8b0af87dd-0196/executors/f87b489
Event: 86.435 Thread 0x00007fafec300000 Exception <a 'java/lang/NoSuchMethodError'{0x00000007458fe358}: java.lang.invoke.DirectMethodHandle$Holder.invokeStaticInit(Ljava/lang/Object;Ljava/lang/Object;JLjava/lang/Object;)Ljava/lang/Object;> (0x00000007458fe358) thrown at [/scratch/mesos/slaves/9

Events (10 events):
Event: 89.854 Thread 0x00007fafebaf4800 DEOPT PACKING pc=0x00000001213e2fb8 sp=0x0000000309bdf8d0
Event: 89.854 Thread 0x00007fafebaf4800 DEOPT UNPACKING pc=0x00000001193e671f sp=0x0000000309bdf880 mode 2
Event: 89.870 Thread 0x00007fafebaf4800 Uncommon trap: trap_request=0xffffff55 fr.pc=0x000000012119ecb8 relative=0x0000000000000078
Event: 89.871 Thread 0x00007fafebaf4800 DEOPT PACKING pc=0x000000012119ecb8 sp=0x0000000309bdf1e0
Event: 89.871 Thread 0x00007fafebaf4800 DEOPT UNPACKING pc=0x00000001193e671f sp=0x0000000309bdf198 mode 2
Event: 89.909 Thread 0x00007fafdb92a000 Uncommon trap: trap_request=0xffffff55 fr.pc=0x00000001211a6f98 relative=0x0000000000003f38
Event: 89.909 Thread 0x00007fafdb92a000 DEOPT PACKING pc=0x00000001211a6f98 sp=0x000000030c0db660
Event: 89.909 Thread 0x00007fafdb92a000 DEOPT UNPACKING pc=0x00000001193e671f sp=0x000000030c0db570 mode 2
Event: 90.751 Thread 0x00007fafdbb52800 DEOPT PACKING pc=0x000000011a93fb97 sp=0x000000030c36ab10
Event: 90.751 Thread 0x00007fafdbb52800 DEOPT UNPACKING pc=0x00000001193e652b sp=0x000000030c36a000 mode 0


Dynamic libraries:
0x00007ff824793000 	/System/Library/Frameworks/Cocoa.framework/Versions/A/Cocoa
0x00007ff8100a5000 	/System/Library/Frameworks/AppKit.framework/Versions/C/AppKit
0x00007ff8135fe000 	/System/Library/Frameworks/CoreData.framework/Versions/A/CoreData
0x00007ff80e4bc000 	/System/Library/Frameworks/Foundation.framework/Versions/C/Foundation
0x00007ff818812000 	/usr/lib/libSystem.B.dylib
0x00007ff810f34000 	/System/Library/PrivateFrameworks/UIFoundation.framework/Versions/A/UIFoundation
0x00007ff81e744000 	/System/Library/PrivateFrameworks/RemoteViewServices.framework/Versions/A/RemoteViewServices
0x00007ff816ae9000 	/System/Library/PrivateFrameworks/XCTTargetBootstrap.framework/Versions/A/XCTTargetBootstrap
0x00007ff81a6de000 	/System/Library/PrivateFrameworks/InternationalSupport.framework/Versions/A/InternationalSupport
0x00007ff81a768000 	/System/Library/PrivateFrameworks/UserActivity.framework/Versions/A/UserActivity
0x00007ff819ac5000 	/usr/lib/libspindump.dylib
0x00007ff8111c2000 	/System/Library/Frameworks/UniformTypeIdentifiers.framework/Versions/A/UniformTypeIdentifiers
0x00007ff815226000 	/usr/lib/libapp_launch_measurement.dylib
0x00007ff813fda000 	/System/Library/PrivateFrameworks/CoreAnalytics.framework/Versions/A/CoreAnalytics
0x00007ff815229000 	/System/Library/PrivateFrameworks/CoreAutoLayout.framework/Versions/A/CoreAutoLayout
0x00007ff816449000 	/System/Library/Frameworks/Metal.framework/Versions/A/Metal
0x00007ff817161000 	/usr/lib/liblangid.dylib
0x00007ff816aed000 	/System/Library/PrivateFrameworks/CoreSVG.framework/Versions/A/CoreSVG
0x00007ff812589000 	/System/Library/PrivateFrameworks/SkyLight.framework/Versions/A/SkyLight
0x00007ff81291c000 	/System/Library/Frameworks/CoreGraphics.framework/Versions/A/CoreGraphics
0x00007ff81edb3000 	/System/Library/Frameworks/Accelerate.framework/Versions/A/Accelerate
0x00007ff819540000 	/System/Library/PrivateFrameworks/IconServices.framework/Versions/A/IconServices
0x00007ff81642e000 	/System/Library/Frameworks/IOSurface.framework/Versions/A/IOSurface
0x00007ff814008000 	/usr/lib/libDiagnosticMessagesClient.dylib
0x00007ff81872c000 	/usr/lib/libz.1.dylib
0x00007ff822422000 	/System/Library/Frameworks/ApplicationServices.framework/Versions/A/ApplicationServices
0x00007ff816ad5000 	/System/Library/PrivateFrameworks/DFRFoundation.framework/Versions/A/DFRFoundation
0x00007ff80f996000 	/usr/lib/libicucore.A.dylib
0x00007ff81b403000 	/System/Library/Frameworks/AudioToolbox.framework/Versions/A/AudioToolbox
0x00007ff81a6ea000 	/System/Library/PrivateFrameworks/DataDetectorsCore.framework/Versions/A/DataDetectorsCore
0x00007ff915fe3000 	/System/Library/PrivateFrameworks/TextInput.framework/Versions/A/TextInput
0x00007ff81250d000 	/usr/lib/libMobileGestalt.dylib
0x00007ff8167dd000 	/System/Library/Frameworks/Carbon.framework/Versions/A/Frameworks/HIToolbox.framework/Versions/A/HIToolbox
0x00007ff814c53000 	/System/Library/Frameworks/QuartzCore.framework/Versions/A/QuartzCore
0x00007ff80f636000 	/System/Library/Frameworks/Security.framework/Versions/A/Security
0x00007ff81e77c000 	/System/Library/Frameworks/Carbon.framework/Versions/A/Frameworks/SpeechRecognition.framework/Versions/A/SpeechRecognition
0x00007ff814f86000 	/System/Library/PrivateFrameworks/CoreUI.framework/Versions/A/CoreUI
0x00007ff80ef0e000 	/System/Library/Frameworks/CoreAudio.framework/Versions/A/CoreAudio
0x00007ff8140f6000 	/System/Library/Frameworks/DiskArbitration.framework/Versions/A/DiskArbitration
0x00007ff819ea8000 	/System/Library/PrivateFrameworks/MultitouchSupport.framework/Versions/A/MultitouchSupport
0x00007ff81250c000 	/usr/lib/libenergytrace.dylib
0x00007ff80ff91000 	/System/Library/Frameworks/IOKit.framework/Versions/A/IOKit
0x00007ff81eb68000 	/System/Library/Frameworks/CoreServices.framework/Versions/A/CoreServices
0x00007ff8151c0000 	/System/Library/PrivateFrameworks/PerformanceAnalysis.framework/Versions/A/PerformanceAnalysis
0x00007ffa25ac5000 	/System/Library/Frameworks/OpenGL.framework/Versions/A/OpenGL
0x00007ff817d5d000 	/System/Library/PrivateFrameworks/MobileKeyBag.framework/Versions/A/MobileKeyBag
0x00007ff80d554000 	/usr/lib/libobjc.A.dylib
0x00007ff81304b000 	/System/Library/Frameworks/ColorSync.framework/Versions/A/ColorSync
0x00007ff80d710000 	/System/Library/Frameworks/CoreFoundation.framework/Versions/A/CoreFoundation
0x00007ff816d68000 	/System/Library/Frameworks/CoreImage.framework/Versions/A/CoreImage
0x00007ff80ed24000 	/System/Library/Frameworks/CoreText.framework/Versions/A/CoreText
0x00007ff816b1c000 	/System/Library/Frameworks/ImageIO.framework/Versions/A/ImageIO
0x00007ff818818000 	/System/Library/PrivateFrameworks/SoftLinking.framework/Versions/A/SoftLinking
0x00007ff815271000 	/usr/lib/libxml2.2.dylib
0x00007ff80d61d000 	/usr/lib/libc++.1.dylib
0x00007ff818a99000 	/usr/lib/libcompression.dylib
0x00007ff81a614000 	/System/Library/PrivateFrameworks/TextureIO.framework/Versions/A/TextureIO
0x00007ff8191b9000 	/usr/lib/libate.dylib
0x00007ff81880d000 	/usr/lib/system/libcache.dylib
0x00007ff8187c9000 	/usr/lib/system/libcommonCrypto.dylib
0x00007ff8187f2000 	/usr/lib/system/libcompiler_rt.dylib
0x00007ff8187e8000 	/usr/lib/system/libcopyfile.dylib
0x00007ff80d44e000 	/usr/lib/system/libcorecrypto.dylib
0x00007ff80d50d000 	/usr/lib/system/libdispatch.dylib
0x00007ff80d6cf000 	/usr/lib/system/libdyld.dylib
0x00007ff818804000 	/usr/lib/system/libkeymgr.dylib
0x00007ff8187a7000 	/usr/lib/system/libmacho.dylib
0x00007ff817e31000 	/usr/lib/system/libquarantine.dylib
0x00007ff818802000 	/usr/lib/system/libremovefile.dylib
0x00007ff812559000 	/usr/lib/system/libsystem_asl.dylib
0x00007ff80d3fc000 	/usr/lib/system/libsystem_blocks.dylib
0x00007ff80d594000 	/usr/lib/system/libsystem_c.dylib
0x00007ff8187fa000 	/usr/lib/system/libsystem_collections.dylib
0x00007ff817152000 	/usr/lib/system/libsystem_configuration.dylib
0x00007ff816411000 	/usr/lib/system/libsystem_containermanager.dylib
0x00007ff8184de000 	/usr/lib/system/libsystem_coreservices.dylib
0x00007ff80fc1f000 	/usr/lib/system/libsystem_darwin.dylib
0x00007ff818805000 	/usr/lib/system/libsystem_dnssd.dylib
0x00007ff80d591000 	/usr/lib/system/libsystem_featureflags.dylib
0x00007ff80d6e5000 	/usr/lib/system/libsystem_info.dylib
0x00007ff81873f000 	/usr/lib/system/libsystem_m.dylib
0x00007ff80d4e1000 	/usr/lib/system/libsystem_malloc.dylib
0x00007ff8124f6000 	/usr/lib/system/libsystem_networkextension.dylib
0x00007ff810047000 	/usr/lib/system/libsystem_notify.dylib
0x00007ff81ea3d000 	/usr/lib/system/libsystem_product_info_filter.dylib
0x00007ff817156000 	/usr/lib/system/libsystem_sandbox.dylib
0x00007ff8187ff000 	/usr/lib/system/libsystem_secinit.dylib
0x00007ff80d68c000 	/usr/lib/system/libsystem_kernel.dylib
0x00007ff80d6db000 	/usr/lib/system/libsystem_platform.dylib
0x00007ff80d6c3000 	/usr/lib/system/libsystem_pthread.dylib
0x00007ff813e21000 	/usr/lib/system/libsystem_symptoms.dylib
0x00007ff80d435000 	/usr/lib/system/libsystem_trace.dylib
0x00007ff8187d5000 	/usr/lib/system/libunwind.dylib
0x00007ff80d3fe000 	/usr/lib/system/libxpc.dylib
0x00007ff80d676000 	/usr/lib/libc++abi.dylib
0x00007ff8187e0000 	/usr/lib/liboah.dylib
0x00007ff818f72000 	/usr/lib/liblzma.5.dylib
0x00007ff80e1cd000 	/System/Library/Frameworks/SystemConfiguration.framework/Versions/A/SystemConfiguration
0x00007ff818814000 	/usr/lib/libfakelink.dylib
0x00007ff81205f000 	/System/Library/Frameworks/CFNetwork.framework/Versions/A/CFNetwork
0x00007ff818953000 	/usr/lib/libarchive.2.dylib
0x00007ff81715d000 	/System/Library/PrivateFrameworks/AppleSystemInfo.framework/Versions/A/AppleSystemInfo
0x00007ff817e58000 	/usr/lib/libbsm.0.dylib
0x00007ff811695000 	/usr/lib/libnetwork.dylib
0x00007ff8187ad000 	/usr/lib/system/libkxld.dylib
0x00007ff817a86000 	/System/Library/PrivateFrameworks/IOMobileFramebuffer.framework/Versions/A/IOMobileFramebuffer
0x00007ffb236ba000 	/usr/lib/libCoreEntitlements.dylib
0x00007ff8184c0000 	/System/Library/PrivateFrameworks/AppleFSCompression.framework/Versions/A/AppleFSCompression
0x00007ff817e40000 	/usr/lib/libcoretls.dylib
0x00007ff818f8c000 	/usr/lib/libcoretls_cfhelpers.dylib
0x00007ff818a94000 	/usr/lib/libpam.2.dylib
0x00007ff813a47000 	/usr/lib/libsqlite3.dylib
0x00007ff818ffb000 	/usr/lib/libxar.1.dylib
0x00007ff8184d0000 	/usr/lib/libbz2.1.0.dylib
0x00007ff818819000 	/usr/lib/libpcap.A.dylib
0x00007ff813e18000 	/usr/lib/libdns_services.dylib
0x00007ff818a66000 	/usr/lib/libapple_nghttp2.dylib
0x00007ff818850000 	/usr/lib/libiconv.2.dylib
0x00007ff8187a6000 	/usr/lib/libcharset.1.dylib
0x00007ff8151f4000 	/System/Library/Frameworks/CoreServices.framework/Versions/A/Frameworks/FSEvents.framework/Versions/A/FSEvents
0x00007ff80fc29000 	/System/Library/Frameworks/CoreServices.framework/Versions/A/Frameworks/CarbonCore.framework/Versions/A/CarbonCore
0x00007ff81405b000 	/System/Library/Frameworks/CoreServices.framework/Versions/A/Frameworks/Metadata.framework/Versions/A/Metadata
0x00007ff8184e3000 	/System/Library/Frameworks/CoreServices.framework/Versions/A/Frameworks/OSServices.framework/Versions/A/OSServices
0x00007ff8189da000 	/System/Library/Frameworks/CoreServices.framework/Versions/A/Frameworks/SearchKit.framework/Versions/A/SearchKit
0x00007ff813daa000 	/System/Library/Frameworks/CoreServices.framework/Versions/A/Frameworks/AE.framework/Versions/A/AE
0x00007ff80dc11000 	/System/Library/Frameworks/CoreServices.framework/Versions/A/Frameworks/LaunchServices.framework/Versions/A/LaunchServices
0x00007ff818f23000 	/System/Library/Frameworks/CoreServices.framework/Versions/A/Frameworks/DictionaryServices.framework/Versions/A/DictionaryServices
0x00007ff815201000 	/System/Library/Frameworks/CoreServices.framework/Versions/A/Frameworks/SharedFileList.framework/Versions/A/SharedFileList
0x00007ff817e34000 	/usr/lib/libCheckFix.dylib
0x00007ff812570000 	/System/Library/PrivateFrameworks/TCC.framework/Versions/A/TCC
0x00007ff817163000 	/System/Library/PrivateFrameworks/CoreNLP.framework/Versions/A/CoreNLP
0x00007ff81400b000 	/System/Library/PrivateFrameworks/MetadataUtilities.framework/Versions/A/MetadataUtilities
0x00007ff80e27d000 	/usr/lib/libmecabra.dylib
0x00007ff817e68000 	/usr/lib/libmecab.dylib
0x00007ff80e248000 	/usr/lib/libCRFSuite.dylib
0x00007ff817ec5000 	/usr/lib/libgermantok.dylib
0x00007ff818a41000 	/usr/lib/libThaiTokenizer.dylib
0x00007ff8140fd000 	/System/Library/Frameworks/Accelerate.framework/Versions/A/Frameworks/vImage.framework/Versions/A/vImage
0x00007ff81eb3f000 	/System/Library/Frameworks/Accelerate.framework/Versions/A/Frameworks/vecLib.framework/Versions/A/vecLib
0x00007ff81903c000 	/System/Library/Frameworks/Accelerate.framework/Versions/A/Frameworks/vecLib.framework/Versions/A/libvMisc.dylib
0x00007ff81787a000 	/System/Library/Frameworks/Accelerate.framework/Versions/A/Frameworks/vecLib.framework/Versions/A/libvDSP.dylib
0x00007ff80df89000 	/System/Library/Frameworks/Accelerate.framework/Versions/A/Frameworks/vecLib.framework/Versions/A/libBLAS.dylib
0x00007ff818b76000 	/System/Library/Frameworks/Accelerate.framework/Versions/A/Frameworks/vecLib.framework/Versions/A/libLAPACK.dylib
0x00007ff817ec8000 	/System/Library/Frameworks/Accelerate.framework/Versions/A/Frameworks/vecLib.framework/Versions/A/libLinearAlgebra.dylib
0x00007ff818a7f000 	/System/Library/Frameworks/Accelerate.framework/Versions/A/Frameworks/vecLib.framework/Versions/A/libSparseBLAS.dylib
0x00007ff818b70000 	/System/Library/Frameworks/Accelerate.framework/Versions/A/Frameworks/vecLib.framework/Versions/A/libQuadrature.dylib
0x00007ff81724d000 	/System/Library/Frameworks/Accelerate.framework/Versions/A/Frameworks/vecLib.framework/Versions/A/libBNNS.dylib
0x00007ff80e15e000 	/System/Library/Frameworks/Accelerate.framework/Versions/A/Frameworks/vecLib.framework/Versions/A/libSparse.dylib
0x00007ff817246000 	/System/Library/PrivateFrameworks/LinguisticData.framework/Versions/A/LinguisticData
0x00007ff80e113000 	/System/Library/PrivateFrameworks/Lexicon.framework/Versions/A/Lexicon
0x00007ff819035000 	/usr/lib/libChineseTokenizer.dylib
0x00007ff80e877000 	/System/Library/PrivateFrameworks/LanguageModeling.framework/Versions/A/LanguageModeling
0x00007ff818a43000 	/System/Library/PrivateFrameworks/AppleSauce.framework/Versions/A/AppleSauce
0x00007ff817a74000 	/System/Library/PrivateFrameworks/CoreEmoji.framework/Versions/A/CoreEmoji
0x00007ff818942000 	/usr/lib/libcmph.dylib
0x00007ff8151d8000 	/System/Library/Frameworks/OpenDirectory.framework/Versions/A/Frameworks/CFOpenDirectory.framework/Versions/A/CFOpenDirectory
0x00007ff8151cc000 	/System/Library/Frameworks/OpenDirectory.framework/Versions/A/OpenDirectory
0x00007ff818f8e000 	/System/Library/PrivateFrameworks/APFS.framework/Versions/A/APFS
0x00007ff817d95000 	/System/Library/Frameworks/SecurityFoundation.framework/Versions/A/SecurityFoundation
0x00007ff819009000 	/usr/lib/libutil.dylib
0x00007ff80ff54000 	/System/Library/PrivateFrameworks/CoreServicesStore.framework/Versions/A/CoreServicesStore
0x00007ff81900d000 	/usr/lib/libxslt.1.dylib
0x00007ff817e22000 	/System/Library/PrivateFrameworks/BackgroundTaskManagement.framework/Versions/A/BackgroundTaskManagement
0x00007ff81a536000 	/System/Library/Frameworks/ImageIO.framework/Versions/A/Resources/libRadiance.dylib
0x00007ff81a53f000 	/System/Library/Frameworks/ImageIO.framework/Versions/A/Resources/libJPEG.dylib
0x00007ff81a490000 	/System/Library/Frameworks/ImageIO.framework/Versions/A/Resources/libPng.dylib
0x00007ff81a4b1000 	/System/Library/Frameworks/ImageIO.framework/Versions/A/Resources/libTIFF.dylib
0x00007ff81a59d000 	/System/Library/Frameworks/ImageIO.framework/Versions/A/Resources/libGIF.dylib
0x00007ff819dc5000 	/System/Library/Frameworks/ImageIO.framework/Versions/A/Resources/libJP2.dylib
0x00007ff819507000 	/usr/lib/libexpat.1.dylib
0x00007ff819d7a000 	/System/Library/PrivateFrameworks/AppleJPEG.framework/Versions/A/AppleJPEG
0x00007ff8166a4000 	/System/Library/PrivateFrameworks/FontServices.framework/libFontParser.dylib
0x00007ff813d54000 	/System/Library/PrivateFrameworks/RunningBoardServices.framework/Versions/A/RunningBoardServices
0x00007ff824d0d000 	/System/Library/PrivateFrameworks/IOSurfaceAccelerator.framework/Versions/A/IOSurfaceAccelerator
0x00007ff819ea4000 	/System/Library/PrivateFrameworks/WatchdogClient.framework/Versions/A/WatchdogClient
0x00007ff80e966000 	/System/Library/Frameworks/CoreDisplay.framework/Versions/A/CoreDisplay
0x00007ff8165a3000 	/System/Library/Frameworks/CoreMedia.framework/Versions/A/CoreMedia
0x00007ff816440000 	/System/Library/PrivateFrameworks/IOAccelerator.framework/Versions/A/IOAccelerator
0x00007ff815354000 	/System/Library/Frameworks/CoreVideo.framework/Versions/A/CoreVideo
0x00007ff818a92000 	/System/Library/Frameworks/MetalPerformanceShaders.framework/Versions/A/MetalPerformanceShaders
0x00007ff819edf000 	/System/Library/Frameworks/VideoToolbox.framework/Versions/A/VideoToolbox
0x00007ff813c9c000 	/System/Library/PrivateFrameworks/BaseBoard.framework/Versions/A/BaseBoard
0x00007ff813a2d000 	/System/Library/PrivateFrameworks/ProtocolBuffer.framework/Versions/A/ProtocolBuffer
0x00007ff81a52f000 	/System/Library/PrivateFrameworks/GPUWrangler.framework/Versions/A/GPUWrangler
0x00007ff81a512000 	/System/Library/PrivateFrameworks/IOPresentment.framework/Versions/A/IOPresentment
0x00007ff81a539000 	/System/Library/PrivateFrameworks/DSExternalDisplay.framework/Versions/A/DSExternalDisplay
0x00007ffa25ab9000 	/System/Library/Frameworks/OpenGL.framework/Versions/A/Libraries/libCoreFSCache.dylib
0x00007ffb119a4000 	/System/Library/PrivateFrameworks/GPUCompiler.framework/Versions/31001/Libraries/libGPUCompilerUtils.dylib
0x00007ff81a5a2000 	/System/Library/PrivateFrameworks/CMCaptureCore.framework/Versions/A/CMCaptureCore
0x00007ff819ab3000 	/System/Library/PrivateFrameworks/AppServerSupport.framework/Versions/A/AppServerSupport
0x00007ff81bc89000 	/System/Library/PrivateFrameworks/perfdata.framework/Versions/A/perfdata
0x00007ff80ea92000 	/System/Library/PrivateFrameworks/AudioToolboxCore.framework/Versions/A/AudioToolboxCore
0x00007ff816580000 	/System/Library/PrivateFrameworks/caulk.framework/Versions/A/caulk
0x00007ff81b5ad000 	/usr/lib/libAudioStatistics.dylib
0x00007ff912874000 	/System/Library/PrivateFrameworks/SystemPolicy.framework/Versions/A/SystemPolicy
0x00007ff81b802000 	/usr/lib/libSMC.dylib
0x00007ff824646000 	/System/Library/Frameworks/CoreMIDI.framework/Versions/A/CoreMIDI
0x00007ff81a460000 	/usr/lib/libAudioToolboxUtility.dylib
0x00007ff90ec86000 	/System/Library/PrivateFrameworks/OSAServicesClient.framework/Versions/A/OSAServicesClient
0x00007ff81bc96000 	/usr/lib/libperfcheck.dylib
0x00007ff913306000 	/usr/lib/libmis.dylib
0x00007ffa25b15000 	/System/Library/Frameworks/OpenGL.framework/Versions/A/Libraries/libGLU.dylib
0x00007ffa25ad8000 	/System/Library/Frameworks/OpenGL.framework/Versions/A/Libraries/libGFXShared.dylib
0x00007ffa25ce6000 	/System/Library/Frameworks/OpenGL.framework/Versions/A/Libraries/libGL.dylib
0x00007ffa25ae1000 	/System/Library/Frameworks/OpenGL.framework/Versions/A/Libraries/libGLImage.dylib
0x00007ffa25ad5000 	/System/Library/Frameworks/OpenGL.framework/Versions/A/Libraries/libCVMSPluginSupport.dylib
0x00007ffa25ac0000 	/System/Library/Frameworks/OpenGL.framework/Versions/A/Libraries/libCoreVMClient.dylib
0x00007ff8170e1000 	/System/Library/Frameworks/MetalPerformanceShaders.framework/Versions/A/Frameworks/MPSCore.framework/Versions/A/MPSCore
0x00007ff81842b000 	/System/Library/Frameworks/MetalPerformanceShaders.framework/Versions/A/Frameworks/MPSImage.framework/Versions/A/MPSImage
0x00007ff817ede000 	/System/Library/Frameworks/MetalPerformanceShaders.framework/Versions/A/Frameworks/MPSNeuralNetwork.framework/Versions/A/MPSNeuralNetwork
0x00007ff818353000 	/System/Library/Frameworks/MetalPerformanceShaders.framework/Versions/A/Frameworks/MPSMatrix.framework/Versions/A/MPSMatrix
0x00007ff81810f000 	/System/Library/Frameworks/MetalPerformanceShaders.framework/Versions/A/Frameworks/MPSRayIntersector.framework/Versions/A/MPSRayIntersector
0x00007ff81838c000 	/System/Library/Frameworks/MetalPerformanceShaders.framework/Versions/A/Frameworks/MPSNDArray.framework/Versions/A/MPSNDArray
0x00007ffa2a6d7000 	/System/Library/Frameworks/MetalPerformanceShaders.framework/Versions/A/Frameworks/MPSFunctions.framework/Versions/A/MPSFunctions
0x00007ff80de6c000 	/System/Library/PrivateFrameworks/MetalTools.framework/Versions/A/MetalTools
0x00007ff81715b000 	/System/Library/PrivateFrameworks/AggregateDictionary.framework/Versions/A/AggregateDictionary
0x00007ff8192e9000 	/usr/lib/libIOReport.dylib
0x00007ffa270f5000 	/System/Library/Frameworks/OpenCL.framework/Versions/A/OpenCL
0x00007ff81964d000 	/System/Library/PrivateFrameworks/FaceCore.framework/Versions/A/FaceCore
0x00007ff81963e000 	/System/Library/PrivateFrameworks/GraphVisualizer.framework/Versions/A/GraphVisualizer
0x00007ffb118af000 	/System/Library/PrivateFrameworks/FontServices.framework/Versions/A/FontServices
0x00007ff819a6a000 	/System/Library/PrivateFrameworks/OTSVG.framework/Versions/A/OTSVG
0x00007ff814f3c000 	/System/Library/Frameworks/ApplicationServices.framework/Versions/A/Frameworks/ATS.framework/Versions/A/Resources/libFontRegistry.dylib
0x00007ff819abb000 	/System/Library/PrivateFrameworks/FontServices.framework/libhvf.dylib
0x00007ffb118b0000 	/System/Library/PrivateFrameworks/FontServices.framework/libXTFontStaticRegistryData.dylib
0x00007ff8194b7000 	/System/Library/PrivateFrameworks/AppleVA.framework/Versions/A/AppleVA
0x00007ff81b5d1000 	/System/Library/Frameworks/ApplicationServices.framework/Versions/A/Frameworks/ATS.framework/Versions/A/ATS
0x00007ff813147000 	/System/Library/Frameworks/ApplicationServices.framework/Versions/A/Frameworks/HIServices.framework/Versions/A/HIServices
0x00007ff81a5ac000 	/System/Library/Frameworks/ApplicationServices.framework/Versions/A/Frameworks/PrintCore.framework/Versions/A/PrintCore
0x00007ff81b955000 	/System/Library/Frameworks/ApplicationServices.framework/Versions/A/Frameworks/QD.framework/Versions/A/QD
0x00007ff81b94d000 	/System/Library/Frameworks/ApplicationServices.framework/Versions/A/Frameworks/ColorSyncLegacy.framework/Versions/A/ColorSyncLegacy
0x00007ff81b5c1000 	/System/Library/Frameworks/ApplicationServices.framework/Versions/A/Frameworks/SpeechSynthesis.framework/Versions/A/SpeechSynthesis
0x00007ff81a56d000 	/System/Library/Frameworks/ApplicationServices.framework/Versions/A/Frameworks/ATSUI.framework/Versions/A/ATSUI
0x00007ff81b8e2000 	/usr/lib/libcups.2.dylib
0x00007ff81bca5000 	/System/Library/Frameworks/Kerberos.framework/Versions/A/Kerberos
0x00007ff81bcb4000 	/System/Library/Frameworks/GSS.framework/Versions/A/GSS
0x00007ff81b63d000 	/usr/lib/libresolv.9.dylib
0x00007ff819aca000 	/System/Library/PrivateFrameworks/Heimdal.framework/Versions/A/Heimdal
0x00007ff82279d000 	/System/Library/Frameworks/Kerberos.framework/Versions/A/Libraries/libHeimdalProxy.dylib
0x00007ff813e29000 	/System/Library/Frameworks/Network.framework/Versions/A/Network
0x00007ff819521000 	/usr/lib/libheimdal-asn1.dylib
0x00007ff81bd00000 	/System/Library/PrivateFrameworks/CommonAuth.framework/Versions/A/CommonAuth
0x00007ff81b53e000 	/System/Library/PrivateFrameworks/AudioSession.framework/Versions/A/AudioSession
0x00007ff8195b1000 	/System/Library/PrivateFrameworks/MediaExperience.framework/Versions/A/MediaExperience
0x00007ff81b3d2000 	/System/Library/PrivateFrameworks/AudioSession.framework/libSessionUtility.dylib
0x00007ff81b961000 	/System/Library/PrivateFrameworks/AudioResourceArbitration.framework/Versions/A/AudioResourceArbitration
0x00007ff81f952000 	/System/Library/PrivateFrameworks/PowerLog.framework/Versions/A/PowerLog
0x00007ff81952a000 	/System/Library/PrivateFrameworks/IconFoundation.framework/Versions/A/IconFoundation
0x00007ff81e76c000 	/System/Library/PrivateFrameworks/SpeechRecognitionCore.framework/Versions/A/SpeechRecognitionCore
0x000000010c0a8000 	/Library/Java/JavaVirtualMachines/jdk-10.0.2.jdk/Contents/Home/lib/server/libjvm.dylib
0x00007ffb24150000 	/usr/lib/libstdc++.6.dylib
0x000000010b364000 	/Library/Java/JavaVirtualMachines/jdk-10.0.2.jdk/Contents/Home/lib/libverify.dylib
0x000000010b405000 	/Library/Java/JavaVirtualMachines/jdk-10.0.2.jdk/Contents/Home/lib/libjava.dylib
0x000000010b479000 	/Library/Java/JavaVirtualMachines/jdk-10.0.2.jdk/Contents/Home/lib/libinstrument.dylib
0x000000010b3d9000 	/Library/Java/JavaVirtualMachines/jdk-10.0.2.jdk/Contents/Home/lib/libzip.dylib
0x000000010b3ef000 	/Library/Java/JavaVirtualMachines/jdk-10.0.2.jdk/Contents/Home/lib/libjimage.dylib
0x000000010b398000 	/Library/Java/JavaVirtualMachines/jdk-10.0.2.jdk/Contents/Home/lib/libnio.dylib
0x0000000130dad000 	/Library/Java/JavaVirtualMachines/jdk-10.0.2.jdk/Contents/Home/lib/libnet.dylib
0x0000000130f6b000 	/Library/Java/JavaVirtualMachines/jdk-10.0.2.jdk/Contents/Home/lib/libprism_es2.dylib
0x00007ff80ff15000 	/System/Library/PrivateFrameworks/CoreServicesInternal.framework/Versions/A/CoreServicesInternal
0x00007ffa25cf1000 	/System/Library/Frameworks/OpenGL.framework/Versions/A/Resources/GLEngine.bundle/GLEngine
0x00007ffa25b53000 	/System/Library/Frameworks/OpenGL.framework/Versions/A/Libraries/libGLProgrammability.dylib
0x000000013139d000 	/System/Library/Extensions/AppleMetalOpenGLRenderer.bundle/Contents/MacOS/AppleMetalOpenGLRenderer
0x00007ffa25e80000 	/System/Library/Frameworks/OpenGL.framework/Versions/A/Resources/GLRendererFloat.bundle/GLRendererFloat
0x00007ffa27c5f000 	/System/Library/Extensions/AGXMetal13_3.bundle/Contents/MacOS/AGXMetal13_3
0x00007ff913321000 	/System/Library/PrivateFrameworks/GPURawCounter.framework/Versions/A/GPURawCounter
0x00007ff90de55000 	/System/Library/PrivateFrameworks/IOGPU.framework/Versions/A/IOGPU
0x000000013157a000 	/Library/Java/JavaVirtualMachines/jdk-10.0.2.jdk/Contents/Home/lib/libglass.dylib
0x00007ff81ff43000 	/System/Library/Frameworks/FileProvider.framework/Versions/A/FileProvider
0x00007ff813c08000 	/System/Library/Frameworks/Accounts.framework/Versions/A/Accounts
0x00007ff8200ba000 	/System/Library/PrivateFrameworks/GenerationalStorage.framework/Versions/A/GenerationalStorage
0x00007ff820bcc000 	/System/Library/PrivateFrameworks/CoreSymbolication.framework/Versions/A/CoreSymbolication
0x00007ff81f947000 	/System/Library/PrivateFrameworks/SymptomDiagnosticReporter.framework/Versions/A/SymptomDiagnosticReporter
0x00007ff8111d6000 	/System/Library/PrivateFrameworks/DesktopServicesPriv.framework/Versions/A/DesktopServicesPriv
0x00007ff810056000 	/usr/lib/libsandbox.1.dylib
0x00007ff8153d3000 	/System/Library/PrivateFrameworks/UserManagement.framework/Versions/A/UserManagement
0x00007ff820b91000 	/System/Library/PrivateFrameworks/DebugSymbols.framework/Versions/A/DebugSymbols
0x00007ff81b942000 	/System/Library/PrivateFrameworks/NetAuth.framework/Versions/A/NetAuth
0x00007ff81c830000 	/System/Library/PrivateFrameworks/Sharing.framework/Versions/A/Sharing
0x00007ff8153a6000 	/System/Library/PrivateFrameworks/login.framework/Versions/A/Frameworks/loginsupport.framework/Versions/A/loginsupport
0x00007ff821cd1000 	/System/Library/PrivateFrameworks/Apple80211.framework/Versions/A/Apple80211
0x00007ff818510000 	/System/Library/PrivateFrameworks/AuthKit.framework/Versions/A/AuthKit
0x00007ff817b6a000 	/System/Library/PrivateFrameworks/CoreUtils.framework/Versions/A/CoreUtils
0x00007ff817a91000 	/System/Library/Frameworks/CoreWLAN.framework/Versions/A/CoreWLAN
0x00007ff81c98b000 	/System/Library/Frameworks/IOBluetooth.framework/Versions/A/IOBluetooth
0x00007ff821d39000 	/System/Library/PrivateFrameworks/CoreWiFi.framework/Versions/A/CoreWiFi
0x00007ff820766000 	/System/Library/PrivateFrameworks/FrontBoardServices.framework/Versions/A/FrontBoardServices
0x00007ff8207f8000 	/System/Library/PrivateFrameworks/BoardServices.framework/Versions/A/BoardServices
0x00007ff817d84000 	/System/Library/PrivateFrameworks/AssertionServices.framework/Versions/A/AssertionServices
0x00007ff821ebd000 	/System/Library/PrivateFrameworks/BackBoardServices.framework/Versions/A/BackBoardServices
0x00007ff81bd8f000 	/System/Library/PrivateFrameworks/CorePhoneNumbers.framework/Versions/A/CorePhoneNumbers
0x00007ff81fa64000 	/System/Library/PrivateFrameworks/DiskManagement.framework/Versions/A/DiskManagement
0x00007ff81f978000 	/System/Library/PrivateFrameworks/AppleIDAuthSupport.framework/Versions/A/AppleIDAuthSupport
0x00007ffa2c66d000 	/System/Library/PrivateFrameworks/AAAFoundation.framework/Versions/A/AAAFoundation
0x00007ff81bd70000 	/System/Library/PrivateFrameworks/KeychainCircle.framework/Versions/A/KeychainCircle
0x00007ff81fa30000 	/System/Library/PrivateFrameworks/MediaKit.framework/Versions/A/MediaKit
0x00007ff81f984000 	/System/Library/Frameworks/DiscRecording.framework/Versions/A/DiscRecording
0x00007ff81942f000 	/usr/lib/libCoreStorage.dylib
0x00007ff8221ac000 	/usr/lib/libcsfde.dylib
0x00007ff81ca58000 	/System/Library/PrivateFrameworks/ProtectedCloudStorage.framework/Versions/A/ProtectedCloudStorage
0x00007ff8221a8000 	/System/Library/PrivateFrameworks/EFILogin.framework/Versions/A/EFILogin
0x00007ff8200e0000 	/System/Library/PrivateFrameworks/OctagonTrust.framework/Versions/A/OctagonTrust
0x00007ffb10bd1000 	/System/Library/PrivateFrameworks/CoreUtilsExtras.framework/Versions/A/CoreUtilsExtras
0x00007ff81f8ba000 	/System/Library/Frameworks/CoreBluetooth.framework/Versions/A/CoreBluetooth
0x00007ff822822000 	/System/Library/Frameworks/AudioUnit.framework/Versions/A/AudioUnit
0x00007ff819427000 	/usr/lib/libMatch.1.dylib
0x00007ff917755000 	/System/Library/Frameworks/Accelerate.framework/Versions/A/Frameworks/vImage.framework/Versions/A/Libraries/libCGInterfaces.dylib
0x00000001330e5000 	/usr/lib/libobjc-trampolines.dylib
0x00007ff8150cc000 	/System/Library/PrivateFrameworks/ViewBridge.framework/Versions/A/ViewBridge
0x00007ffb237c8000 	/usr/lib/libRosetta.dylib
0x0000000134a56000 	/Library/Java/JavaVirtualMachines/jdk-10.0.2.jdk/Contents/Home/lib/libjavafx_font.dylib
0x0000000134af5000 	/Library/Java/JavaVirtualMachines/jdk-10.0.2.jdk/Contents/Home/lib/libawt.dylib
0x0000000134c3c000 	/Library/Java/JavaVirtualMachines/jdk-10.0.2.jdk/Contents/Home/lib/libmlib_image.dylib
0x00007ffa2a639000 	/System/Library/Frameworks/JavaNativeFoundation.framework/Versions/A/JavaNativeFoundation
0x00007ffa2a645000 	/System/Library/Frameworks/JavaRuntimeSupport.framework/Versions/A/JavaRuntimeSupport
0x00007ff9123bd000 	/System/Library/Frameworks/Carbon.framework/Versions/A/Carbon
0x00007ff826064000 	/System/Library/Frameworks/Carbon.framework/Versions/A/Frameworks/CommonPanels.framework/Versions/A/CommonPanels
0x00007ff8221a4000 	/System/Library/Frameworks/Carbon.framework/Versions/A/Frameworks/Help.framework/Versions/A/Help
0x00007ff826068000 	/System/Library/Frameworks/Carbon.framework/Versions/A/Frameworks/ImageCapture.framework/Versions/A/ImageCapture
0x00007ff826038000 	/System/Library/Frameworks/Carbon.framework/Versions/A/Frameworks/OpenScripting.framework/Versions/A/OpenScripting
0x00007ff826060000 	/System/Library/Frameworks/Carbon.framework/Versions/A/Frameworks/Ink.framework/Versions/A/Ink
0x00007ff9123b9000 	/System/Library/Frameworks/Carbon.framework/Versions/A/Frameworks/Print.framework/Versions/A/Print
0x00007ff82605c000 	/System/Library/Frameworks/Carbon.framework/Versions/A/Frameworks/SecurityHI.framework/Versions/A/SecurityHI
0x0000000134dc0000 	/Library/Java/JavaVirtualMachines/jdk-10.0.2.jdk/Contents/Home/lib/libawt_lwawt.dylib
0x0000000134a8d000 	/Library/Java/JavaVirtualMachines/jdk-10.0.2.jdk/Contents/Home/lib/libosxapp.dylib
0x00007ff9117fa000 	/System/Library/Frameworks/ExceptionHandling.framework/Versions/A/ExceptionHandling
0x0000000134f3d000 	/Library/Java/JavaVirtualMachines/jdk-10.0.2.jdk/Contents/Home/lib/libfontmanager.dylib
0x00007ff819b84000 	/System/Library/PrivateFrameworks/login.framework/Versions/A/login
0x00007ff81ee37000 	/System/Library/PrivateFrameworks/SystemAdministration.framework/Versions/A/SystemAdministration
0x00007ff81a7d4000 	/System/Library/Frameworks/MediaToolbox.framework/Versions/A/MediaToolbox
0x00007ff81e738000 	/System/Library/Frameworks/DirectoryService.framework/Versions/A/DirectoryService
0x00007ff82204a000 	/System/Library/PrivateFrameworks/DiskImages.framework/Versions/A/DiskImages
0x00007ff817e2c000 	/System/Library/Frameworks/ServiceManagement.framework/Versions/A/ServiceManagement
0x00007ff822224000 	/System/Library/PrivateFrameworks/LoginUIKit.framework/Versions/A/Frameworks/LoginUICore.framework/Versions/A/LoginUICore
0x00007ff819d32000 	/usr/lib/libodfde.dylib
0x00007ff81ff13000 	/System/Library/PrivateFrameworks/CoreAVCHD.framework/Versions/A/CoreAVCHD
0x00007ff81edfb000 	/System/Library/Frameworks/MediaAccessibility.framework/Versions/A/MediaAccessibility
0x00007ff81ff0f000 	/System/Library/PrivateFrameworks/Mangrove.framework/Versions/A/Mangrove
0x00007ff81ee06000 	/System/Library/PrivateFrameworks/AlgosScoreFramework.framework/Versions/A/AlgosScoreFramework
0x00007ffb0e01d000 	/System/Library/PrivateFrameworks/CMPhoto.framework/Versions/A/CMPhoto
0x00007ff820a67000 	/System/Library/PrivateFrameworks/AppleVPA.framework/Versions/A/AppleVPA
0x00007ff81fb54000 	/System/Library/PrivateFrameworks/CoreAUC.framework/Versions/A/CoreAUC
0x00007ff8221b8000 	/usr/lib/libcurl.4.dylib
0x00007ff821f15000 	/usr/lib/libcrypto.44.dylib
0x00007ff82201d000 	/usr/lib/libssl.46.dylib
0x00007ff821edb000 	/System/Library/Frameworks/LDAP.framework/Versions/A/LDAP
0x00007ff821f13000 	/System/Library/PrivateFrameworks/TrustEvaluationAgent.framework/Versions/A/TrustEvaluationAgent
0x00007ff81b656000 	/usr/lib/libsasl2.2.dylib
0x00007ff81ee2b000 	/System/Library/PrivateFrameworks/CoreDaemon.framework/Versions/B/CoreDaemon
0x00007ff81ee26000 	/System/Library/PrivateFrameworks/AppleSRP.framework/Versions/A/AppleSRP


VM Arguments:
jvm_args: -javaagent:/Applications/IntelliJ IDEA CE.app/Contents/lib/idea_rt.jar=52949:/Applications/IntelliJ IDEA CE.app/Contents/bin -Dfile.encoding=UTF-8 
java_command: Main
java_class_path (initial): /Users/baronwang/IdeaProjects/proj10BogatyrevDimitrovWang/out/production/proj10BogatyrevDimitrovWang:/Users/baronwang/IdeaProjects/proj10BogatyrevDimitrovWang/richtextfx-fat-0.10.7.jar
Launcher Type: SUN_STANDARD

Logging:
Log output configuration:
#0: stdout all=warning uptime,level,tags
#1: stderr all=off uptime,level,tags

Environment Variables:
PATH=/usr/local/bin:/usr/bin:/bin:/usr/sbin:/sbin:/Library/TeX/texbin
SHELL=/bin/bash

Signal Handlers:
SIGSEGV: [libjvm.dylib+0x79ac14], sa_mask[0]=11111111111111111111111111111111, sa_flags=SA_ONSTACK|SA_RESTART|SA_SIGINFO
SIGBUS: [libjvm.dylib+0x79ac14], sa_mask[0]=11111111111111111111111111111111, sa_flags=SA_RESTART|SA_SIGINFO
SIGFPE: [libjvm.dylib+0x79ac14], sa_mask[0]=11111111111111111111111111111111, sa_flags=SA_RESTART|SA_SIGINFO
SIGPIPE: [libjvm.dylib+0x635960], sa_mask[0]=11111111111111111111111111111111, sa_flags=SA_RESTART|SA_SIGINFO
SIGXFSZ: [libjvm.dylib+0x635960], sa_mask[0]=11111111111111111111111111111111, sa_flags=SA_RESTART|SA_SIGINFO
SIGILL: [libjvm.dylib+0x79ac14], sa_mask[0]=11111111111111111111111111111111, sa_flags=SA_RESTART|SA_SIGINFO
SIGUSR2: [libjvm.dylib+0x6361f0], sa_mask[0]=00100000000000000000000000000000, sa_flags=SA_RESTART|SA_SIGINFO
SIGHUP: [libjvm.dylib+0x6349db], sa_mask[0]=11111111111111111111111111111111, sa_flags=SA_RESTART|SA_SIGINFO
SIGINT: [libjvm.dylib+0x6349db], sa_mask[0]=11111111111111111111111111111111, sa_flags=SA_RESTART|SA_SIGINFO
SIGTERM: [libjvm.dylib+0x6349db], sa_mask[0]=11111111111111111111111111111111, sa_flags=SA_RESTART|SA_SIGINFO
SIGQUIT: [libjvm.dylib+0x6349db], sa_mask[0]=11111111111111111111111111111111, sa_flags=SA_RESTART|SA_SIGINFO


---------------  S Y S T E M  ---------------

OS:uname:Darwin 21.2.0 Darwin Kernel Version 21.2.0: Sun Nov 28 20:29:10 PST 2021; root:xnu-8019.61.5~1/RELEASE_ARM64_T8101 x86_64
rlimit: STACK 8176k, CORE 0k, NPROC 1333, NOFILE 10240, AS infinity, DATA infinity, FSIZE infinity
load average:2.94 2.50 2.53

CPU:total 8 (initial active 8) (1 cores per cpu, 1 threads per core) family 6 model 44 stepping 0, cmov, cx8, fxsr, mmx, sse, sse2, sse3, ssse3, sse4.1, sse4.2, popcnt, aes, clmul, tsc, tscinvbit, tscinv

Memory: 4k page, physical 8388608k(40212k free)

vm_info: Java HotSpot(TM) 64-Bit Server VM (10.0.2+13) for bsd-amd64 JRE (10.0.2+13), built on Jun 28 2018 00:49:51 by "mach5one" with gcc 4.2.1 Compatible Apple LLVM 6.1.0 (clang-602.0.49)

END.
